2014-05-29 04:48:31.655 EgoWebMobile[2143:70b] Multi-tasking -> Device: YES, App: YES
2014-05-29 04:48:31.665 EgoWebMobile[2143:70b] Unlimited access to network resources
2014-05-29 04:48:31.668 EgoWebMobile[2143:70b] 

Started backup to iCloud! Please be careful.
Your application might rejected by Apple if you store too much data.
For more information please read "iOS Data Storage Guidelines"
You could find it at the following address https://developer.apple.com/icloud/documentation/data-storage/ .

2014-05-29 04:48:31.687 EgoWebMobile[2143:70b] [CDVTimer][file] 1.637995ms
2014-05-29 04:48:31.688 EgoWebMobile[2143:70b] [CDVTimer][TotalPluginStartup] 2.170026ms
2014-05-29 04:48:31.794 EgoWebMobile[2143:70b] Resetting plugins due to page load.
2014-05-29 04:48:31.912 EgoWebMobile[2143:70b] Finished load of: file:///Users/zhangster/Library/Application%20Support/iPhone%20Simulator/7.1/Applications/9097163C-8C93-49E7-9D69-2AB7F697D41F/EgoWebMobile.app/www/index.html
2014-05-29 04:48:35.211 EgoWebMobile[2143:2903] File Transfer Finished with response code 200
2014-05-29 04:48:40.095 EgoWebMobile[2143:70b] Resetting plugins due to page load.
2014-05-29 04:48:40.136 EgoWebMobile[2143:70b] Finished load of: file:///Users/zhangster/Library/Application%20Support/iPhone%20Simulator/7.1/Applications/9097163C-8C93-49E7-9D69-2AB7F697D41F/EgoWebMobile.app/www/admin.html
2014-05-29 04:49:05.268 EgoWebMobile[2143:7f03] File Transfer Finished with response code 200
2014-05-29 04:49:05.588 EgoWebMobile[2143:5d07] File Transfer Finished with response code 200
2014-05-29 04:49:05.717 EgoWebMobile[2143:451f] File Transfer Finished with response code 200
2014-05-29 04:49:08.309 EgoWebMobile[2143:70b] Resetting plugins due to page load.
2014-05-29 04:49:08.325 EgoWebMobile[2143:70b] Finished load of: file:///Users/zhangster/Library/Application%20Support/iPhone%20Simulator/7.1/Applications/9097163C-8C93-49E7-9D69-2AB7F697D41F/EgoWebMobile.app/www/index.html
2014-05-29 04:49:09.493 EgoWebMobile[2143:70b] Resetting plugins due to page load.
2014-05-29 04:49:09.535 EgoWebMobile[2143:70b] Finished load of: file:///Users/zhangster/Library/Application%20Support/iPhone%20Simulator/7.1/Applications/9097163C-8C93-49E7-9D69-2AB7F697D41F/EgoWebMobile.app/www/interview.html
2014-05-29 04:49:47.065 EgoWebMobile[2143:70b] setting movie path: 
2014-05-29 04:49:47.101 EgoWebMobile[2143:70b] setting movie path: file:///Users/zhangster/Library/Application%20Support/iPhone%20Simulator/7.1/Applications/9097163C-8C93-49E7-9D69-2AB7F697D41F/tmp/egowebaudio/1/OPTION/115239.mp3
2014-05-29 04:49:47.135 EgoWebMobile[2143:70b] setting movie path: 
2014-05-29 04:49:47.138 EgoWebMobile[2143:70b] setting movie path: file:///Users/zhangster/Library/Application%20Support/iPhone%20Simulator/7.1/Applications/9097163C-8C93-49E7-9D69-2AB7F697D41F/tmp/egowebaudio/1/OPTION/115239.mp3
2014-05-29 04:49:53.812 EgoWebMobile[2143:70b] setting movie path: 
2014-05-29 04:49:53.818 EgoWebMobile[2143:70b] setting movie path: file:///Users/zhangster/Library/Application%20Support/iPhone%20Simulator/7.1/Applications/9097163C-8C93-49E7-9D69-2AB7F697D41F/tmp/egowebaudio/1/EGO/29076.mp3
2014-05-29 04:49:53.820 EgoWebMobile[2143:70b] setting movie path: 
2014-05-29 04:49:53.822 EgoWebMobile[2143:70b] setting movie path: file:///Users/zhangster/Library/Application%20Support/iPhone%20Simulator/7.1/Applications/9097163C-8C93-49E7-9D69-2AB7F697D41F/tmp/egowebaudio/1/EGO/29076.mp3
Terminating in response to SpringBoard's termination.
2014-05-29 04:56:40.453 EgoWebMobile[2455:70b] Multi-tasking -> Device: YES, App: YES
2014-05-29 04:56:40.463 EgoWebMobile[2455:70b] Unlimited access to network resources
2014-05-29 04:56:40.466 EgoWebMobile[2455:70b] 

Started backup to iCloud! Please be careful.
Your application might rejected by Apple if you store too much data.
For more information please read "iOS Data Storage Guidelines"
You could find it at the following address https://developer.apple.com/icloud/documentation/data-storage/ .

2014-05-29 04:56:40.486 EgoWebMobile[2455:70b] [CDVTimer][file] 1.652002ms
2014-05-29 04:56:40.487 EgoWebMobile[2455:70b] [CDVTimer][TotalPluginStartup] 2.955973ms
2014-05-29 04:56:40.606 EgoWebMobile[2455:70b] Resetting plugins due to page load.
2014-05-29 04:56:40.749 EgoWebMobile[2455:70b] Finished load of: file:///Users/zhangster/Library/Application%20Support/iPhone%20Simulator/7.1/Applications/9097163C-8C93-49E7-9D69-2AB7F697D41F/EgoWebMobile.app/www/index.html
2014-05-29 04:56:41.977 EgoWebMobile[2455:70b] Resetting plugins due to page load.
2014-05-29 04:56:42.030 EgoWebMobile[2455:70b] Finished load of: file:///Users/zhangster/Library/Application%20Support/iPhone%20Simulator/7.1/Applications/9097163C-8C93-49E7-9D69-2AB7F697D41F/EgoWebMobile.app/www/interview.html
2014-05-29 04:56:47.472 EgoWebMobile[2455:70b] setting movie path: 
2014-05-29 04:56:47.484 EgoWebMobile[2455:70b] setting movie path: file:///Users/zhangster/Library/Application%20Support/iPhone%20Simulator/7.1/Applications/9097163C-8C93-49E7-9D69-2AB7F697D41F/tmp/egowebaudio/1/PREFACE/29076.mp3
2014-05-29 04:56:47.492 EgoWebMobile[2455:70b] setting movie path: 
2014-05-29 04:56:47.493 EgoWebMobile[2455:70b] setting movie path: file:///Users/zhangster/Library/Application%20Support/iPhone%20Simulator/7.1/Applications/9097163C-8C93-49E7-9D69-2AB7F697D41F/tmp/egowebaudio/1/PREFACE/29076.mp3
2014-05-29 04:57:10.983 EgoWebMobile[2455:70b] setting movie path: 
2014-05-29 04:57:10.988 EgoWebMobile[2455:70b] setting movie path: file:///Users/zhangster/Library/Application%20Support/iPhone%20Simulator/7.1/Applications/9097163C-8C93-49E7-9D69-2AB7F697D41F/tmp/egowebaudio/1/OPTION/115239.mp3
2014-05-29 04:57:10.991 EgoWebMobile[2455:70b] setting movie path: 
2014-05-29 04:57:10.992 EgoWebMobile[2455:70b] setting movie path: file:///Users/zhangster/Library/Application%20Support/iPhone%20Simulator/7.1/Applications/9097163C-8C93-49E7-9D69-2AB7F697D41F/tmp/egowebaudio/1/OPTION/115239.mp3
2014-05-29 04:57:14.394 EgoWebMobile[2455:70b] setting movie path: 
2014-05-29 04:57:14.399 EgoWebMobile[2455:70b] setting movie path: file:///Users/zhangster/Library/Application%20Support/iPhone%20Simulator/7.1/Applications/9097163C-8C93-49E7-9D69-2AB7F697D41F/tmp/egowebaudio/1/EGO/29076.mp3
2014-05-29 04:57:14.402 EgoWebMobile[2455:70b] setting movie path: 
2014-05-29 04:57:14.403 EgoWebMobile[2455:70b] setting movie path: file:///Users/zhangster/Library/Application%20Support/iPhone%20Simulator/7.1/Applications/9097163C-8C93-49E7-9D69-2AB7F697D41F/tmp/egowebaudio/1/EGO/29076.mp3
2014-05-29 04:57:59.903 EgoWebMobile[2455:70b] setting movie path: 
2014-05-29 04:57:59.908 EgoWebMobile[2455:70b] setting movie path: file:///Users/zhangster/Library/Application%20Support/iPhone%20Simulator/7.1/Applications/9097163C-8C93-49E7-9D69-2AB7F697D41F/tmp/egowebaudio/1/PREFACE/29076.mp3
2014-05-29 04:57:59.911 EgoWebMobile[2455:70b] setting movie path: 
2014-05-29 04:57:59.913 EgoWebMobile[2455:70b] setting movie path: file:///Users/zhangster/Library/Application%20Support/iPhone%20Simulator/7.1/Applications/9097163C-8C93-49E7-9D69-2AB7F697D41F/tmp/egowebaudio/1/PREFACE/29076.mp3
2014-05-29 04:58:30.545 EgoWebMobile[2455:70b] setting movie path: 
2014-05-29 04:58:30.550 EgoWebMobile[2455:70b] setting movie path: file:///Users/zhangster/Library/Application%20Support/iPhone%20Simulator/7.1/Applications/9097163C-8C93-49E7-9D69-2AB7F697D41F/tmp/egowebaudio/1/OPTION/115239.mp3
2014-05-29 04:58:30.554 EgoWebMobile[2455:70b] setting movie path: 
2014-05-29 04:58:30.555 EgoWebMobile[2455:70b] setting movie path: file:///Users/zhangster/Library/Application%20Support/iPhone%20Simulator/7.1/Applications/9097163C-8C93-49E7-9D69-2AB7F697D41F/tmp/egowebaudio/1/OPTION/115239.mp3
2014-05-29 04:58:35.378 EgoWebMobile[2455:70b] setting movie path: 
2014-05-29 04:58:35.383 EgoWebMobile[2455:70b] setting movie path: file:///Users/zhangster/Library/Application%20Support/iPhone%20Simulator/7.1/Applications/9097163C-8C93-49E7-9D69-2AB7F697D41F/tmp/egowebaudio/1/EGO/29076.mp3
2014-05-29 04:58:35.387 EgoWebMobile[2455:70b] setting movie path: 
2014-05-29 04:58:35.388 EgoWebMobile[2455:70b] setting movie path: file:///Users/zhangster/Library/Application%20Support/iPhone%20Simulator/7.1/Applications/9097163C-8C93-49E7-9D69-2AB7F697D41F/tmp/egowebaudio/1/EGO/29076.mp3
2014-05-29 04:58:56.163 EgoWebMobile[2455:70b] setting movie path: 
2014-05-29 04:58:56.168 EgoWebMobile[2455:70b] setting movie path: file:///Users/zhangster/Library/Application%20Support/iPhone%20Simulator/7.1/Applications/9097163C-8C93-49E7-9D69-2AB7F697D41F/tmp/egowebaudio/1/PREFACE/29076.mp3
2014-05-29 04:58:56.171 EgoWebMobile[2455:70b] setting movie path: 
2014-05-29 04:58:56.173 EgoWebMobile[2455:70b] setting movie path: file:///Users/zhangster/Library/Application%20Support/iPhone%20Simulator/7.1/Applications/9097163C-8C93-49E7-9D69-2AB7F697D41F/tmp/egowebaudio/1/PREFACE/29076.mp3
2014-05-29 04:59:16.701 EgoWebMobile[2455:70b] setting movie path: 
2014-05-29 04:59:16.705 EgoWebMobile[2455:70b] setting movie path: file:///Users/zhangster/Library/Application%20Support/iPhone%20Simulator/7.1/Applications/9097163C-8C93-49E7-9D69-2AB7F697D41F/tmp/egowebaudio/1/PREFACE/29076.mp3
2014-05-29 04:59:16.709 EgoWebMobile[2455:70b] setting movie path: 
2014-05-29 04:59:16.711 EgoWebMobile[2455:70b] setting movie path: file:///Users/zhangster/Library/Application%20Support/iPhone%20Simulator/7.1/Applications/9097163C-8C93-49E7-9D69-2AB7F697D41F/tmp/egowebaudio/1/PREFACE/29076.mp3
2014-05-29 05:00:05.626 EgoWebMobile[2455:70b] setting movie path: 
2014-05-29 05:00:05.631 EgoWebMobile[2455:70b] setting movie path: file:///Users/zhangster/Library/Application%20Support/iPhone%20Simulator/7.1/Applications/9097163C-8C93-49E7-9D69-2AB7F697D41F/tmp/egowebaudio/1/OPTION/115239.mp3
2014-05-29 05:00:05.636 EgoWebMobile[2455:70b] setting movie path: 
2014-05-29 05:00:05.637 EgoWebMobile[2455:70b] setting movie path: file:///Users/zhangster/Library/Application%20Support/iPhone%20Simulator/7.1/Applications/9097163C-8C93-49E7-9D69-2AB7F697D41F/tmp/egowebaudio/1/OPTION/115239.mp3
2014-05-29 05:00:10.364 EgoWebMobile[2455:70b] setting movie path: 
2014-05-29 05:00:10.369 EgoWebMobile[2455:70b] setting movie path: file:///Users/zhangster/Library/Application%20Support/iPhone%20Simulator/7.1/Applications/9097163C-8C93-49E7-9D69-2AB7F697D41F/tmp/egowebaudio/1/OPTION/115239.mp3
2014-05-29 05:00:10.373 EgoWebMobile[2455:70b] setting movie path: 
2014-05-29 05:00:10.375 EgoWebMobile[2455:70b] setting movie path: file:///Users/zhangster/Library/Application%20Support/iPhone%20Simulator/7.1/Applications/9097163C-8C93-49E7-9D69-2AB7F697D41F/tmp/egowebaudio/1/OPTION/115239.mp3
2014-05-29 05:00:30.239 EgoWebMobile[2455:db67] 05:00:30.239 WARNING:   235: Default audio device changed. Restart the simulator to have it use the newly-selected device.
2014-05-29 11:51:37.143 EgoWebMobile[2455:17707] 11:51:37.143 WARNING:   235: Default audio device changed. Restart the simulator to have it use the newly-selected device.
2014-05-29 11:52:40.180 EgoWebMobile[2455:15c0f] 11:52:40.180 WARNING:   235: Default audio device changed. Restart the simulator to have it use the newly-selected device.
2014-05-29 11:52:40.192 EgoWebMobile[2455:17707] 11:52:40.192 WARNING:   235: Default audio device changed. Restart the simulator to have it use the newly-selected device.
2014-05-29 12:28:30.654 EgoWebMobile[2455:2a5b] 12:28:30.654 WARNING:   235: Default audio device changed. Restart the simulator to have it use the newly-selected device.
2014-05-29 12:29:24.056 EgoWebMobile[2455:d717] 12:29:24.056 WARNING:   235: Default audio device changed. Restart the simulator to have it use the newly-selected device.
2014-05-29 12:35:21.323 EgoWebMobile[2455:2a63] 12:35:21.323 WARNING:   235: Default audio device changed. Restart the simulator to have it use the newly-selected device.
2014-05-29 12:35:25.409 EgoWebMobile[2455:455b] 12:35:25.409 WARNING:   235: Default audio device changed. Restart the simulator to have it use the newly-selected device.
2014-05-29 12:35:25.426 EgoWebMobile[2455:616b] 12:35:25.426 WARNING:   235: Default audio device changed. Restart the simulator to have it use the newly-selected device.
2014-05-29 12:42:03.521 EgoWebMobile[2455:1662f] 12:42:03.521 WARNING:   235: Default audio device changed. Restart the simulator to have it use the newly-selected device.
2014-05-29 13:53:44.325 EgoWebMobile[2455:12027] 13:53:44.325 WARNING:   235: Default audio device changed. Restart the simulator to have it use the newly-selected device.
2014-05-29 13:53:49.736 EgoWebMobile[2455:16637] 13:53:49.736 WARNING:   235: Default audio device changed. Restart the simulator to have it use the newly-selected device.
2014-05-29 13:53:49.749 EgoWebMobile[2455:16637] 13:53:49.749 WARNING:   235: Default audio device changed. Restart the simulator to have it use the newly-selected device.
